INFO: kbplacer_plugin_action.py:73: Plugin version: 0.16
INFO: kbplacer_plugin_action.py:74: Python version: '3.12.3 (main, Mar 23 2026, 19:04:32) [GCC 13.3.0]'
INFO: kbplacer_plugin_action.py:75: KiCad version: 10.0.3 with 4.2.1 gtk3 (phoenix) wxWidgets 3.2.4
INFO: kbplacer_dialog.py:695: Language: en
INFO: kbplacer_plugin_action.py:83: GUI state: {"layout_path": "/home/daksh/Downloads/keyboard-layout(3).json", "key_distance": [19.05, 19.05], "key_info": {"annotation_format": "SW{}", "position_option": "Default", "position": {"x": 0.0, "y": 0.0, "orientation": 0.0, "side": "Front"}, "template_path": "", "start_index": 1}, "enable_diode_placement": true, "route_switches_with_diodes": true, "optimize_diodes_orientation": false, "diode_info": {"annotation_format": "D{}", "position_option": "Default", "position": {"x": 5.08, "y": 4.0, "orientation": 90.0, "side": "Back"}, "template_path": "", "start_index": -1}, "additional_elements": [{"annotation_format": "ST{}", "position_option": "Custom", "position": {"x": 0.0, "y": 0.0, "orientation": 0.0, "side": "Front"}, "template_path": "", "start_index": -1}], "route_rows_and_columns": true, "template_path": "", "generate_outline": false, "outline_delta": 0.0, "layout_offset": null}
DEBUG: key_placer.py:143: Switches by nets: defaultdict(<class 'list'>, {frozenset({'ROW_2', 'COL_4'}): ['SW8'], frozenset({'COL_4', 'ROW_3'}): ['SW12'], frozenset({'COL_4', 'ROW_1'}): ['SW4'], frozenset({'ROW_2', 'COL_1'}): ['SW5'], frozenset({'ROW_2', 'COL_2'}): ['SW6'], frozenset({'ROW_4', 'COL_3'}): ['SW15'], frozenset({'ROW_4', 'COL_2'}): ['SW14'], frozenset({'ROW_4', 'COL_4'}): ['SW16'], frozenset({'ROW_1', 'COL_2'}): ['SW2'], frozenset({'COL_1', 'ROW_3'}): ['SW9'], frozenset({'ROW_3', 'COL_2'}): ['SW10'], frozenset({'ROW_1', 'COL_3'}): ['SW3'], frozenset({'ROW_1', 'COL_1'}): ['SW1'], frozenset({'COL_3', 'ROW_3'}): ['SW11'], frozenset({'ROW_2', 'COL_3'}): ['SW7'], frozenset({'ROW_4', 'COL_1'}): ['SW13']})
DEBUG: key_placer.py:147: Diodes by switch: {'SW2': ['D2'], 'SW3': ['D3'], 'SW8': ['D8'], 'SW4': ['D4'], 'SW14': ['D14'], 'SW10': ['D10'], 'SW13': ['D13'], 'SW12': ['D12'], 'SW16': ['D16'], 'SW7': ['D7'], 'SW9': ['D9'], 'SW15': ['D15'], 'SW6': ['D6'], 'SW5': ['D5'], 'SW1': ['D1'], 'SW11': ['D11']}
INFO: kle_serial.py:1031: User layout: [['Num Lock', '/', '*', '-', {'x': 0.25, 'f': 4, 'w': 14, 'h': 5, 'd': True}, "<h5><b>Getting Started with Keyboard-Layout-Editor.com</b></h5><p>Keyboard-layout-editor.com is a web application that enables the editing of keyboard-layouts, i.e., the position and appearance of each physical key.</p><p>Start by exploring the presets and samples from the menu-bar to give you an idea of the possibilities.  Once you are ready to start designing your own keyboard, just load one of the presets and start customizing it!  Some tips:</p><ul><li>The selected keys can be modified on the <i>Properties</i> tab.</li><li>The <i>Keyboard Properties</i> tab lets you edit the keyboard background and keyboard metadata.</li><li>The <i>Custom Styles</i> tab lets you write advanced CSS styling rules.</li><li>Don't forget the <i>Color Swatches</i> and <i>Character Picker</i> menu items!  These give you easy access to colors and symbol characters, respectively.</li><li>There are a lot of available keyboard shortcuts; press '?' or 'F1' to see a list.</li></ul><p>When you're ready to save your layout, simply 'Sign In' with your <a href='https://www.github.com'>GitHub</a> account and click the <i>Save</i> button.  Your layout will be saved in a GitHub Gist.</p><p>Have fun!</p>"], [{'f': 3}, '7\nHome', '8\n↑', '9\nPgUp', {'a': 7}, ''], [{'a': 4}, '4\n←', '5', '6\n→', {'a': 7}, ''], [{'a': 4}, '1\nEnd', '2\n↓', '3\nPgDn', {'a': 7}, '']]
DEBUG: key_placer.py:755: Using key 1U distance: (19.05, 19.05) mm
DEBUG: key_placer.py:773: Layout offset: (28575000, 28575000)
DEBUG: kle_serial.py:1125: Layout with: x_ortholinear_keys=16, y_ortholinear_keys=17, rotated_keys=0, encoders=0, iso_enters=0 and unrecognized_shape_keys=0
DEBUG: kle_serial.py:1150: Layout tagged: [<KeyboardTag.ROW_STAGGERED: 2>]
DEBUG: board_modifier.py:119: Setting SW1 footprint position: (38100000, 38100000)
DEBUG: board_modifier.py:119: Setting SW2 footprint position: (57150000, 38100000)
DEBUG: board_modifier.py:119: Setting SW3 footprint position: (76200000, 38100000)
DEBUG: board_modifier.py:119: Setting SW4 footprint position: (95250000, 38100000)
DEBUG: board_modifier.py:119: Setting SW5 footprint position: (38100000, 57150000)
DEBUG: board_modifier.py:119: Setting SW6 footprint position: (57150000, 57150000)
DEBUG: board_modifier.py:119: Setting SW7 footprint position: (76200000, 57150000)
DEBUG: board_modifier.py:119: Setting SW8 footprint position: (95250000, 57150000)
DEBUG: board_modifier.py:119: Setting SW9 footprint position: (38100000, 76200000)
DEBUG: board_modifier.py:119: Setting SW10 footprint position: (57150000, 76200000)
DEBUG: board_modifier.py:119: Setting SW11 footprint position: (76200000, 76200000)
DEBUG: board_modifier.py:119: Setting SW12 footprint position: (95250000, 76200000)
DEBUG: board_modifier.py:119: Setting SW13 footprint position: (38100000, 95250000)
DEBUG: board_modifier.py:119: Setting SW14 footprint position: (57150000, 95250000)
DEBUG: board_modifier.py:119: Setting SW15 footprint position: (76200000, 95250000)
DEBUG: board_modifier.py:119: Setting SW16 footprint position: (95250000, 95250000)
INFO: key_placer.py:1173: Diode info: [ElementInfo(annotation_format='D{}', position_option=<PositionOption.DEFAULT: 'Default'>, position=ElementPosition(x=5.08, y=4.0, orientation=90.0, side=<Side.BACK: 'Back'>), template_path='', start_index=-1)]
DEBUG: board_modifier.py:132: Getting SW1 footprint position: (38100000, 38100000)
DEBUG: board_modifier.py:119: Setting D1 footprint position: (43180000, 42100000)
DEBUG: board_modifier.py:132: Getting SW2 footprint position: (57150000, 38100000)
DEBUG: board_modifier.py:119: Setting D2 footprint position: (62230000, 42100000)
DEBUG: board_modifier.py:132: Getting SW3 footprint position: (76200000, 38100000)
DEBUG: board_modifier.py:119: Setting D3 footprint position: (81280000, 42100000)
DEBUG: board_modifier.py:132: Getting SW4 footprint position: (95250000, 38100000)
DEBUG: board_modifier.py:119: Setting D4 footprint position: (100330000, 42100000)
DEBUG: board_modifier.py:132: Getting SW5 footprint position: (38100000, 57150000)
DEBUG: board_modifier.py:119: Setting D5 footprint position: (43180000, 61150000)
DEBUG: board_modifier.py:132: Getting SW6 footprint position: (57150000, 57150000)
DEBUG: board_modifier.py:119: Setting D6 footprint position: (62230000, 61150000)
DEBUG: board_modifier.py:132: Getting SW7 footprint position: (76200000, 57150000)
DEBUG: board_modifier.py:119: Setting D7 footprint position: (81280000, 61150000)
DEBUG: board_modifier.py:132: Getting SW8 footprint position: (95250000, 57150000)
DEBUG: board_modifier.py:119: Setting D8 footprint position: (100330000, 61150000)
DEBUG: board_modifier.py:132: Getting SW9 footprint position: (38100000, 76200000)
DEBUG: board_modifier.py:119: Setting D9 footprint position: (43180000, 80200000)
DEBUG: board_modifier.py:132: Getting SW10 footprint position: (57150000, 76200000)
DEBUG: board_modifier.py:119: Setting D10 footprint position: (62230000, 80200000)
DEBUG: board_modifier.py:132: Getting SW11 footprint position: (76200000, 76200000)
DEBUG: board_modifier.py:119: Setting D11 footprint position: (81280000, 80200000)
DEBUG: board_modifier.py:132: Getting SW12 footprint position: (95250000, 76200000)
DEBUG: board_modifier.py:119: Setting D12 footprint position: (100330000, 80200000)
DEBUG: board_modifier.py:132: Getting SW13 footprint position: (38100000, 95250000)
DEBUG: board_modifier.py:119: Setting D13 footprint position: (43180000, 99250000)
DEBUG: board_modifier.py:132: Getting SW14 footprint position: (57150000, 95250000)
DEBUG: board_modifier.py:119: Setting D14 footprint position: (62230000, 99250000)
DEBUG: board_modifier.py:132: Getting SW15 footprint position: (76200000, 95250000)
DEBUG: board_modifier.py:119: Setting D15 footprint position: (81280000, 99250000)
DEBUG: board_modifier.py:132: Getting SW16 footprint position: (95250000, 95250000)
DEBUG: board_modifier.py:119: Setting D16 footprint position: (100330000, 99250000)
DEBUG: key_placer.py:928: Placing additional elements for SW8
DEBUG: board_modifier.py:132: Getting SW8 footprint position: (95250000, 57150000)
DEBUG: board_modifier.py:84: Searching for optional ST8 footprint in /home/daksh/keyboard/keyboard_macropad/keyboard_macropad/keyboard_macropad.kicad_pcb
DEBUG: board_modifier.py:89: Footprint not found
DEBUG: key_placer.py:928: Placing additional elements for SW12
DEBUG: board_modifier.py:132: Getting SW12 footprint position: (95250000, 76200000)
DEBUG: board_modifier.py:84: Searching for optional ST12 footprint in /home/daksh/keyboard/keyboard_macropad/keyboard_macropad/keyboard_macropad.kicad_pcb
DEBUG: board_modifier.py:89: Footprint not found
DEBUG: key_placer.py:928: Placing additional elements for SW4
DEBUG: board_modifier.py:132: Getting SW4 footprint position: (95250000, 38100000)
DEBUG: board_modifier.py:84: Searching for optional ST4 footprint in /home/daksh/keyboard/keyboard_macropad/keyboard_macropad/keyboard_macropad.kicad_pcb
DEBUG: board_modifier.py:89: Footprint not found
DEBUG: key_placer.py:928: Placing additional elements for SW5
DEBUG: board_modifier.py:132: Getting SW5 footprint position: (38100000, 57150000)
DEBUG: board_modifier.py:84: Searching for optional ST5 footprint in /home/daksh/keyboard/keyboard_macropad/keyboard_macropad/keyboard_macropad.kicad_pcb
DEBUG: board_modifier.py:89: Footprint not found
DEBUG: key_placer.py:928: Placing additional elements for SW6
DEBUG: board_modifier.py:132: Getting SW6 footprint position: (57150000, 57150000)
DEBUG: board_modifier.py:84: Searching for optional ST6 footprint in /home/daksh/keyboard/keyboard_macropad/keyboard_macropad/keyboard_macropad.kicad_pcb
DEBUG: board_modifier.py:89: Footprint not found
DEBUG: key_placer.py:928: Placing additional elements for SW15
DEBUG: board_modifier.py:132: Getting SW15 footprint position: (76200000, 95250000)
DEBUG: board_modifier.py:84: Searching for optional ST15 footprint in /home/daksh/keyboard/keyboard_macropad/keyboard_macropad/keyboard_macropad.kicad_pcb
DEBUG: board_modifier.py:89: Footprint not found
DEBUG: key_placer.py:928: Placing additional elements for SW14
DEBUG: board_modifier.py:132: Getting SW14 footprint position: (57150000, 95250000)
DEBUG: board_modifier.py:84: Searching for optional ST14 footprint in /home/daksh/keyboard/keyboard_macropad/keyboard_macropad/keyboard_macropad.kicad_pcb
DEBUG: board_modifier.py:89: Footprint not found
DEBUG: key_placer.py:928: Placing additional elements for SW16
DEBUG: board_modifier.py:132: Getting SW16 footprint position: (95250000, 95250000)
DEBUG: board_modifier.py:84: Searching for optional ST16 footprint in /home/daksh/keyboard/keyboard_macropad/keyboard_macropad/keyboard_macropad.kicad_pcb
DEBUG: board_modifier.py:89: Footprint not found
DEBUG: key_placer.py:928: Placing additional elements for SW2
DEBUG: board_modifier.py:132: Getting SW2 footprint position: (57150000, 38100000)
DEBUG: board_modifier.py:84: Searching for optional ST2 footprint in /home/daksh/keyboard/keyboard_macropad/keyboard_macropad/keyboard_macropad.kicad_pcb
DEBUG: board_modifier.py:89: Footprint not found
DEBUG: key_placer.py:928: Placing additional elements for SW9
DEBUG: board_modifier.py:132: Getting SW9 footprint position: (38100000, 76200000)
DEBUG: board_modifier.py:84: Searching for optional ST9 footprint in /home/daksh/keyboard/keyboard_macropad/keyboard_macropad/keyboard_macropad.kicad_pcb
DEBUG: board_modifier.py:89: Footprint not found
DEBUG: key_placer.py:928: Placing additional elements for SW10
DEBUG: board_modifier.py:132: Getting SW10 footprint position: (57150000, 76200000)
DEBUG: board_modifier.py:84: Searching for optional ST10 footprint in /home/daksh/keyboard/keyboard_macropad/keyboard_macropad/keyboard_macropad.kicad_pcb
DEBUG: board_modifier.py:89: Footprint not found
DEBUG: key_placer.py:928: Placing additional elements for SW3
DEBUG: board_modifier.py:132: Getting SW3 footprint position: (76200000, 38100000)
DEBUG: board_modifier.py:84: Searching for optional ST3 footprint in /home/daksh/keyboard/keyboard_macropad/keyboard_macropad/keyboard_macropad.kicad_pcb
DEBUG: board_modifier.py:89: Footprint not found
DEBUG: key_placer.py:928: Placing additional elements for SW1
DEBUG: board_modifier.py:132: Getting SW1 footprint position: (38100000, 38100000)
DEBUG: board_modifier.py:84: Searching for optional ST1 footprint in /home/daksh/keyboard/keyboard_macropad/keyboard_macropad/keyboard_macropad.kicad_pcb
DEBUG: board_modifier.py:89: Footprint not found
DEBUG: key_placer.py:928: Placing additional elements for SW11
DEBUG: board_modifier.py:132: Getting SW11 footprint position: (76200000, 76200000)
DEBUG: board_modifier.py:84: Searching for optional ST11 footprint in /home/daksh/keyboard/keyboard_macropad/keyboard_macropad/keyboard_macropad.kicad_pcb
DEBUG: board_modifier.py:89: Footprint not found
DEBUG: key_placer.py:928: Placing additional elements for SW7
DEBUG: board_modifier.py:132: Getting SW7 footprint position: (76200000, 57150000)
DEBUG: board_modifier.py:84: Searching for optional ST7 footprint in /home/daksh/keyboard/keyboard_macropad/keyboard_macropad/keyboard_macropad.kicad_pcb
DEBUG: board_modifier.py:89: Footprint not found
DEBUG: key_placer.py:928: Placing additional elements for SW13
DEBUG: board_modifier.py:132: Getting SW13 footprint position: (38100000, 95250000)
DEBUG: board_modifier.py:84: Searching for optional ST13 footprint in /home/daksh/keyboard/keyboard_macropad/keyboard_macropad/keyboard_macropad.kicad_pcb
DEBUG: board_modifier.py:89: Footprint not found
INFO: key_placer.py:483: Routing SW8 with D8
INFO: key_placer.py:485: Using internal autorouter method
DEBUG: board_modifier.py:578: Routing at F.Cu layer
DEBUG: board_modifier.py:595: Netclass: Default, track width: 200000
DEBUG: board_modifier.py:658: Routing pad 'SW8:2' at (88900000, 59690000) with pad 'D8:2' at (100330000, 53530000) using coordinate system rotated by 0 degree(s)
INFO: board_modifier.py:494: Adding track segment (F.Cu): [(88900000, 59690000), (94170000, 59690000)]
INFO: board_modifier.py:499: Track added
INFO: board_modifier.py:494: Adding track segment (F.Cu): [(94170000, 59690000), (100330000, 53530000)]
DEBUG: board_modifier.py:504: Could not add track segment due to detected collision
INFO: board_modifier.py:494: Adding track segment (F.Cu): [(88900000, 59690000), (95060000, 53530000)]
INFO: board_modifier.py:499: Track added
INFO: board_modifier.py:494: Adding track segment (F.Cu): [(95060000, 53530000), (100330000, 53530000)]
INFO: board_modifier.py:499: Track added
INFO: key_placer.py:483: Routing SW12 with D12
INFO: key_placer.py:485: Using internal autorouter method
DEBUG: board_modifier.py:578: Routing at F.Cu layer
DEBUG: board_modifier.py:595: Netclass: Default, track width: 200000
DEBUG: board_modifier.py:658: Routing pad 'SW12:2' at (88900000, 78740000) with pad 'D12:2' at (100330000, 72580000) using coordinate system rotated by 0 degree(s)
INFO: board_modifier.py:494: Adding track segment (F.Cu): [(88900000, 78740000), (94170000, 78740000)]
INFO: board_modifier.py:499: Track added
INFO: board_modifier.py:494: Adding track segment (F.Cu): [(94170000, 78740000), (100330000, 72580000)]
DEBUG: board_modifier.py:504: Could not add track segment due to detected collision
INFO: board_modifier.py:494: Adding track segment (F.Cu): [(88900000, 78740000), (95060000, 72580000)]
INFO: board_modifier.py:499: Track added
INFO: board_modifier.py:494: Adding track segment (F.Cu): [(95060000, 72580000), (100330000, 72580000)]
INFO: board_modifier.py:499: Track added
INFO: key_placer.py:483: Routing SW4 with D4
INFO: key_placer.py:485: Using internal autorouter method
DEBUG: board_modifier.py:578: Routing at F.Cu layer
DEBUG: board_modifier.py:595: Netclass: Default, track width: 200000
DEBUG: board_modifier.py:658: Routing pad 'SW4:2' at (88900000, 40640000) with pad 'D4:2' at (100330000, 34480000) using coordinate system rotated by 0 degree(s)
INFO: board_modifier.py:494: Adding track segment (F.Cu): [(88900000, 40640000), (94170000, 40640000)]
INFO: board_modifier.py:499: Track added
INFO: board_modifier.py:494: Adding track segment (F.Cu): [(94170000, 40640000), (100330000, 34480000)]
DEBUG: board_modifier.py:504: Could not add track segment due to detected collision
INFO: board_modifier.py:494: Adding track segment (F.Cu): [(88900000, 40640000), (95060000, 34480000)]
INFO: board_modifier.py:499: Track added
INFO: board_modifier.py:494: Adding track segment (F.Cu): [(95060000, 34480000), (100330000, 34480000)]
INFO: board_modifier.py:499: Track added
INFO: key_placer.py:483: Routing SW5 with D5
INFO: key_placer.py:485: Using internal autorouter method
DEBUG: board_modifier.py:578: Routing at F.Cu layer
DEBUG: board_modifier.py:595: Netclass: Default, track width: 200000
DEBUG: board_modifier.py:658: Routing pad 'SW5:2' at (31750000, 59690000) with pad 'D5:2' at (43180000, 53530000) using coordinate system rotated by 0 degree(s)
INFO: board_modifier.py:494: Adding track segment (F.Cu): [(31750000, 59690000), (37020000, 59690000)]
INFO: board_modifier.py:499: Track added
INFO: board_modifier.py:494: Adding track segment (F.Cu): [(37020000, 59690000), (43180000, 53530000)]
DEBUG: board_modifier.py:504: Could not add track segment due to detected collision
INFO: board_modifier.py:494: Adding track segment (F.Cu): [(31750000, 59690000), (37910000, 53530000)]
INFO: board_modifier.py:499: Track added
INFO: board_modifier.py:494: Adding track segment (F.Cu): [(37910000, 53530000), (43180000, 53530000)]
INFO: board_modifier.py:499: Track added
INFO: key_placer.py:483: Routing SW6 with D6
INFO: key_placer.py:485: Using internal autorouter method
DEBUG: board_modifier.py:578: Routing at F.Cu layer
DEBUG: board_modifier.py:595: Netclass: Default, track width: 200000
DEBUG: board_modifier.py:658: Routing pad 'SW6:2' at (50800000, 59690000) with pad 'D6:2' at (62230000, 53530000) using coordinate system rotated by 0 degree(s)
INFO: board_modifier.py:494: Adding track segment (F.Cu): [(50800000, 59690000), (56070000, 59690000)]
INFO: board_modifier.py:499: Track added
INFO: board_modifier.py:494: Adding track segment (F.Cu): [(56070000, 59690000), (62230000, 53530000)]
DEBUG: board_modifier.py:504: Could not add track segment due to detected collision
INFO: board_modifier.py:494: Adding track segment (F.Cu): [(50800000, 59690000), (56960000, 53530000)]
INFO: board_modifier.py:499: Track added
INFO: board_modifier.py:494: Adding track segment (F.Cu): [(56960000, 53530000), (62230000, 53530000)]
INFO: board_modifier.py:499: Track added
INFO: key_placer.py:483: Routing SW15 with D15
INFO: key_placer.py:485: Using internal autorouter method
DEBUG: board_modifier.py:578: Routing at F.Cu layer
DEBUG: board_modifier.py:595: Netclass: Default, track width: 200000
DEBUG: board_modifier.py:658: Routing pad 'SW15:2' at (69850000, 97790000) with pad 'D15:2' at (81280000, 91630000) using coordinate system rotated by 0 degree(s)
INFO: board_modifier.py:494: Adding track segment (F.Cu): [(69850000, 97790000), (75120000, 97790000)]
INFO: board_modifier.py:499: Track added
INFO: board_modifier.py:494: Adding track segment (F.Cu): [(75120000, 97790000), (81280000, 91630000)]
DEBUG: board_modifier.py:504: Could not add track segment due to detected collision
INFO: board_modifier.py:494: Adding track segment (F.Cu): [(69850000, 97790000), (76010000, 91630000)]
INFO: board_modifier.py:499: Track added
INFO: board_modifier.py:494: Adding track segment (F.Cu): [(76010000, 91630000), (81280000, 91630000)]
INFO: board_modifier.py:499: Track added
INFO: key_placer.py:483: Routing SW14 with D14
INFO: key_placer.py:485: Using internal autorouter method
DEBUG: board_modifier.py:578: Routing at F.Cu layer
DEBUG: board_modifier.py:595: Netclass: Default, track width: 200000
DEBUG: board_modifier.py:658: Routing pad 'SW14:2' at (50800000, 97790000) with pad 'D14:2' at (62230000, 91630000) using coordinate system rotated by 0 degree(s)
INFO: board_modifier.py:494: Adding track segment (F.Cu): [(50800000, 97790000), (56070000, 97790000)]
INFO: board_modifier.py:499: Track added
INFO: board_modifier.py:494: Adding track segment (F.Cu): [(56070000, 97790000), (62230000, 91630000)]
DEBUG: board_modifier.py:504: Could not add track segment due to detected collision
INFO: board_modifier.py:494: Adding track segment (F.Cu): [(50800000, 97790000), (56960000, 91630000)]
INFO: board_modifier.py:499: Track added
INFO: board_modifier.py:494: Adding track segment (F.Cu): [(56960000, 91630000), (62230000, 91630000)]
INFO: board_modifier.py:499: Track added
INFO: key_placer.py:483: Routing SW16 with D16
INFO: key_placer.py:485: Using internal autorouter method
DEBUG: board_modifier.py:578: Routing at F.Cu layer
DEBUG: board_modifier.py:595: Netclass: Default, track width: 200000
DEBUG: board_modifier.py:658: Routing pad 'SW16:2' at (88900000, 97790000) with pad 'D16:2' at (100330000, 91630000) using coordinate system rotated by 0 degree(s)
INFO: board_modifier.py:494: Adding track segment (F.Cu): [(88900000, 97790000), (94170000, 97790000)]
DEBUG: board_modifier.py:504: Could not add track segment due to detected collision
INFO: board_modifier.py:494: Adding track segment (F.Cu): [(88900000, 97790000), (95060000, 91630000)]
DEBUG: board_modifier.py:504: Could not add track segment due to detected collision
INFO: key_placer.py:483: Routing SW2 with D2
INFO: key_placer.py:485: Using internal autorouter method
DEBUG: board_modifier.py:578: Routing at F.Cu layer
DEBUG: board_modifier.py:595: Netclass: Default, track width: 200000
DEBUG: board_modifier.py:658: Routing pad 'SW2:2' at (50800000, 40640000) with pad 'D2:2' at (62230000, 34480000) using coordinate system rotated by 0 degree(s)
INFO: board_modifier.py:494: Adding track segment (F.Cu): [(50800000, 40640000), (56070000, 40640000)]
INFO: board_modifier.py:499: Track added
INFO: board_modifier.py:494: Adding track segment (F.Cu): [(56070000, 40640000), (62230000, 34480000)]
DEBUG: board_modifier.py:504: Could not add track segment due to detected collision
INFO: board_modifier.py:494: Adding track segment (F.Cu): [(50800000, 40640000), (56960000, 34480000)]
INFO: board_modifier.py:499: Track added
INFO: board_modifier.py:494: Adding track segment (F.Cu): [(56960000, 34480000), (62230000, 34480000)]
INFO: board_modifier.py:499: Track added
INFO: key_placer.py:483: Routing SW9 with D9
INFO: key_placer.py:485: Using internal autorouter method
DEBUG: board_modifier.py:578: Routing at F.Cu layer
DEBUG: board_modifier.py:595: Netclass: Default, track width: 200000
DEBUG: board_modifier.py:658: Routing pad 'SW9:2' at (31750000, 78740000) with pad 'D9:2' at (43180000, 72580000) using coordinate system rotated by 0 degree(s)
INFO: board_modifier.py:494: Adding track segment (F.Cu): [(31750000, 78740000), (37020000, 78740000)]
INFO: board_modifier.py:499: Track added
INFO: board_modifier.py:494: Adding track segment (F.Cu): [(37020000, 78740000), (43180000, 72580000)]
DEBUG: board_modifier.py:504: Could not add track segment due to detected collision
INFO: board_modifier.py:494: Adding track segment (F.Cu): [(31750000, 78740000), (37910000, 72580000)]
INFO: board_modifier.py:499: Track added
INFO: board_modifier.py:494: Adding track segment (F.Cu): [(37910000, 72580000), (43180000, 72580000)]
INFO: board_modifier.py:499: Track added
INFO: key_placer.py:483: Routing SW10 with D10
INFO: key_placer.py:485: Using internal autorouter method
DEBUG: board_modifier.py:578: Routing at F.Cu layer
DEBUG: board_modifier.py:595: Netclass: Default, track width: 200000
DEBUG: board_modifier.py:658: Routing pad 'SW10:2' at (50800000, 78740000) with pad 'D10:2' at (62230000, 72580000) using coordinate system rotated by 0 degree(s)
INFO: board_modifier.py:494: Adding track segment (F.Cu): [(50800000, 78740000), (56070000, 78740000)]
INFO: board_modifier.py:499: Track added
INFO: board_modifier.py:494: Adding track segment (F.Cu): [(56070000, 78740000), (62230000, 72580000)]
DEBUG: board_modifier.py:504: Could not add track segment due to detected collision
INFO: board_modifier.py:494: Adding track segment (F.Cu): [(50800000, 78740000), (56960000, 72580000)]
INFO: board_modifier.py:499: Track added
INFO: board_modifier.py:494: Adding track segment (F.Cu): [(56960000, 72580000), (62230000, 72580000)]
INFO: board_modifier.py:499: Track added
INFO: key_placer.py:483: Routing SW3 with D3
INFO: key_placer.py:485: Using internal autorouter method
DEBUG: board_modifier.py:578: Routing at F.Cu layer
DEBUG: board_modifier.py:595: Netclass: Default, track width: 200000
DEBUG: board_modifier.py:658: Routing pad 'SW3:2' at (69850000, 40640000) with pad 'D3:2' at (81280000, 34480000) using coordinate system rotated by 0 degree(s)
INFO: board_modifier.py:494: Adding track segment (F.Cu): [(69850000, 40640000), (75120000, 40640000)]
INFO: board_modifier.py:499: Track added
INFO: board_modifier.py:494: Adding track segment (F.Cu): [(75120000, 40640000), (81280000, 34480000)]
DEBUG: board_modifier.py:504: Could not add track segment due to detected collision
INFO: board_modifier.py:494: Adding track segment (F.Cu): [(69850000, 40640000), (76010000, 34480000)]
INFO: board_modifier.py:499: Track added
INFO: board_modifier.py:494: Adding track segment (F.Cu): [(76010000, 34480000), (81280000, 34480000)]
INFO: board_modifier.py:499: Track added
INFO: key_placer.py:483: Routing SW1 with D1
INFO: key_placer.py:485: Using internal autorouter method
DEBUG: board_modifier.py:578: Routing at F.Cu layer
DEBUG: board_modifier.py:595: Netclass: Default, track width: 200000
DEBUG: board_modifier.py:658: Routing pad 'SW1:2' at (31750000, 40640000) with pad 'D1:2' at (43180000, 34480000) using coordinate system rotated by 0 degree(s)
INFO: board_modifier.py:494: Adding track segment (F.Cu): [(31750000, 40640000), (37020000, 40640000)]
INFO: board_modifier.py:499: Track added
INFO: board_modifier.py:494: Adding track segment (F.Cu): [(37020000, 40640000), (43180000, 34480000)]
DEBUG: board_modifier.py:504: Could not add track segment due to detected collision
INFO: board_modifier.py:494: Adding track segment (F.Cu): [(31750000, 40640000), (37910000, 34480000)]
INFO: board_modifier.py:499: Track added
INFO: board_modifier.py:494: Adding track segment (F.Cu): [(37910000, 34480000), (43180000, 34480000)]
INFO: board_modifier.py:499: Track added
INFO: key_placer.py:483: Routing SW11 with D11
INFO: key_placer.py:485: Using internal autorouter method
DEBUG: board_modifier.py:578: Routing at F.Cu layer
DEBUG: board_modifier.py:595: Netclass: Default, track width: 200000
DEBUG: board_modifier.py:658: Routing pad 'SW11:2' at (69850000, 78740000) with pad 'D11:2' at (81280000, 72580000) using coordinate system rotated by 0 degree(s)
INFO: board_modifier.py:494: Adding track segment (F.Cu): [(69850000, 78740000), (75120000, 78740000)]
INFO: board_modifier.py:499: Track added
INFO: board_modifier.py:494: Adding track segment (F.Cu): [(75120000, 78740000), (81280000, 72580000)]
DEBUG: board_modifier.py:504: Could not add track segment due to detected collision
INFO: board_modifier.py:494: Adding track segment (F.Cu): [(69850000, 78740000), (76010000, 72580000)]
INFO: board_modifier.py:499: Track added
INFO: board_modifier.py:494: Adding track segment (F.Cu): [(76010000, 72580000), (81280000, 72580000)]
INFO: board_modifier.py:499: Track added
INFO: key_placer.py:483: Routing SW7 with D7
INFO: key_placer.py:485: Using internal autorouter method
DEBUG: board_modifier.py:578: Routing at F.Cu layer
DEBUG: board_modifier.py:595: Netclass: Default, track width: 200000
DEBUG: board_modifier.py:658: Routing pad 'SW7:2' at (69850000, 59690000) with pad 'D7:2' at (81280000, 53530000) using coordinate system rotated by 0 degree(s)
INFO: board_modifier.py:494: Adding track segment (F.Cu): [(69850000, 59690000), (75120000, 59690000)]
INFO: board_modifier.py:499: Track added
INFO: board_modifier.py:494: Adding track segment (F.Cu): [(75120000, 59690000), (81280000, 53530000)]
DEBUG: board_modifier.py:504: Could not add track segment due to detected collision
INFO: board_modifier.py:494: Adding track segment (F.Cu): [(69850000, 59690000), (76010000, 53530000)]
INFO: board_modifier.py:499: Track added
INFO: board_modifier.py:494: Adding track segment (F.Cu): [(76010000, 53530000), (81280000, 53530000)]
INFO: board_modifier.py:499: Track added
INFO: key_placer.py:483: Routing SW13 with D13
INFO: key_placer.py:485: Using internal autorouter method
DEBUG: board_modifier.py:578: Routing at F.Cu layer
DEBUG: board_modifier.py:595: Netclass: Default, track width: 200000
DEBUG: board_modifier.py:658: Routing pad 'SW13:2' at (31750000, 97790000) with pad 'D13:2' at (43180000, 91630000) using coordinate system rotated by 0 degree(s)
INFO: board_modifier.py:494: Adding track segment (F.Cu): [(31750000, 97790000), (37020000, 97790000)]
INFO: board_modifier.py:499: Track added
INFO: board_modifier.py:494: Adding track segment (F.Cu): [(37020000, 97790000), (43180000, 91630000)]
DEBUG: board_modifier.py:504: Could not add track segment due to detected collision
INFO: board_modifier.py:494: Adding track segment (F.Cu): [(31750000, 97790000), (37910000, 91630000)]
INFO: board_modifier.py:499: Track added
INFO: board_modifier.py:494: Adding track segment (F.Cu): [(37910000, 91630000), (43180000, 91630000)]
INFO: board_modifier.py:499: Track added
DEBUG: key_placer.py:979: Routing ROW_1 pads
DEBUG: board_modifier.py:578: Routing at F.Cu layer
DEBUG: board_modifier.py:595: Netclass: Default, track width: 200000
DEBUG: board_modifier.py:658: Routing pad 'D1:1' at (43180000, 42100000) with pad 'D2:1' at (62230000, 42100000) using coordinate system rotated by 0 degree(s)
INFO: board_modifier.py:494: Adding track segment (F.Cu): [(43180000, 42100000), (62230000, 42100000)]
DEBUG: board_modifier.py:504: Could not add track segment due to detected collision
DEBUG: board_modifier.py:578: Routing at F.Cu layer
DEBUG: board_modifier.py:595: Netclass: Default, track width: 200000
DEBUG: board_modifier.py:658: Routing pad 'D2:1' at (62230000, 42100000) with pad 'D3:1' at (81280000, 42100000) using coordinate system rotated by 0 degree(s)
INFO: board_modifier.py:494: Adding track segment (F.Cu): [(62230000, 42100000), (81280000, 42100000)]
DEBUG: board_modifier.py:504: Could not add track segment due to detected collision
DEBUG: board_modifier.py:578: Routing at F.Cu layer
DEBUG: board_modifier.py:595: Netclass: Default, track width: 200000
DEBUG: board_modifier.py:658: Routing pad 'D3:1' at (81280000, 42100000) with pad 'U1:1' at (90049000, 82140500) using coordinate system rotated by 0 degree(s)
INFO: board_modifier.py:494: Adding track segment (F.Cu): [(81280000, 42100000), (81280000, 73371500)]
DEBUG: board_modifier.py:504: Could not add track segment due to detected collision
INFO: board_modifier.py:494: Adding track segment (F.Cu): [(81280000, 42100000), (90049000, 50869000)]
INFO: board_modifier.py:499: Track added
INFO: board_modifier.py:494: Adding track segment (F.Cu): [(90049000, 50869000), (90049000, 82140500)]
DEBUG: board_modifier.py:504: Could not add track segment due to detected collision
DEBUG: board_modifier.py:578: Routing at F.Cu layer
DEBUG: board_modifier.py:595: Netclass: Default, track width: 200000
DEBUG: board_modifier.py:658: Routing pad 'D3:1' at (81280000, 42100000) with pad 'D4:1' at (100330000, 42100000) using coordinate system rotated by 0 degree(s)
INFO: board_modifier.py:494: Adding track segment (F.Cu): [(81280000, 42100000), (100330000, 42100000)]
DEBUG: board_modifier.py:504: Could not add track segment due to detected collision
DEBUG: key_placer.py:979: Routing ROW_2 pads
DEBUG: board_modifier.py:578: Routing at F.Cu layer
DEBUG: board_modifier.py:595: Netclass: Default, track width: 200000
DEBUG: board_modifier.py:658: Routing pad 'D5:1' at (43180000, 61150000) with pad 'D6:1' at (62230000, 61150000) using coordinate system rotated by 0 degree(s)
INFO: board_modifier.py:494: Adding track segment (F.Cu): [(43180000, 61150000), (62230000, 61150000)]
DEBUG: board_modifier.py:504: Could not add track segment due to detected collision
DEBUG: board_modifier.py:578: Routing at F.Cu layer
DEBUG: board_modifier.py:595: Netclass: Default, track width: 200000
DEBUG: board_modifier.py:658: Routing pad 'D6:1' at (62230000, 61150000) with pad 'D7:1' at (81280000, 61150000) using coordinate system rotated by 0 degree(s)
INFO: board_modifier.py:494: Adding track segment (F.Cu): [(62230000, 61150000), (81280000, 61150000)]
DEBUG: board_modifier.py:504: Could not add track segment due to detected collision
DEBUG: board_modifier.py:578: Routing at F.Cu layer
DEBUG: board_modifier.py:595: Netclass: Default, track width: 200000
DEBUG: board_modifier.py:658: Routing pad 'D7:1' at (81280000, 61150000) with pad 'U1:2' at (90049000, 84680500) using coordinate system rotated by 0 degree(s)
INFO: board_modifier.py:494: Adding track segment (F.Cu): [(81280000, 61150000), (81280000, 75911500)]
DEBUG: board_modifier.py:504: Could not add track segment due to detected collision
INFO: board_modifier.py:494: Adding track segment (F.Cu): [(81280000, 61150000), (90049000, 69919000)]
INFO: board_modifier.py:499: Track added
INFO: board_modifier.py:494: Adding track segment (F.Cu): [(90049000, 69919000), (90049000, 84680500)]
DEBUG: board_modifier.py:504: Could not add track segment due to detected collision
DEBUG: board_modifier.py:578: Routing at F.Cu layer
DEBUG: board_modifier.py:595: Netclass: Default, track width: 200000
DEBUG: board_modifier.py:658: Routing pad 'D7:1' at (81280000, 61150000) with pad 'D8:1' at (100330000, 61150000) using coordinate system rotated by 0 degree(s)
INFO: board_modifier.py:494: Adding track segment (F.Cu): [(81280000, 61150000), (100330000, 61150000)]
DEBUG: board_modifier.py:504: Could not add track segment due to detected collision
DEBUG: key_placer.py:979: Routing ROW_3 pads
DEBUG: board_modifier.py:578: Routing at F.Cu layer
DEBUG: board_modifier.py:595: Netclass: Default, track width: 200000
DEBUG: board_modifier.py:658: Routing pad 'D9:1' at (43180000, 80200000) with pad 'D10:1' at (62230000, 80200000) using coordinate system rotated by 0 degree(s)
INFO: board_modifier.py:494: Adding track segment (F.Cu): [(43180000, 80200000), (62230000, 80200000)]
DEBUG: board_modifier.py:504: Could not add track segment due to detected collision
DEBUG: board_modifier.py:578: Routing at F.Cu layer
DEBUG: board_modifier.py:595: Netclass: Default, track width: 200000
DEBUG: board_modifier.py:658: Routing pad 'D10:1' at (62230000, 80200000) with pad 'D11:1' at (81280000, 80200000) using coordinate system rotated by 0 degree(s)
INFO: board_modifier.py:494: Adding track segment (F.Cu): [(62230000, 80200000), (81280000, 80200000)]
DEBUG: board_modifier.py:504: Could not add track segment due to detected collision
DEBUG: board_modifier.py:578: Routing at F.Cu layer
DEBUG: board_modifier.py:595: Netclass: Default, track width: 200000
DEBUG: board_modifier.py:658: Routing pad 'D11:1' at (81280000, 80200000) with pad 'U1:3' at (90049000, 87220500) using coordinate system rotated by 0 degree(s)
INFO: board_modifier.py:494: Adding track segment (F.Cu): [(81280000, 80200000), (83028500, 80200000)]
INFO: board_modifier.py:499: Track added
INFO: board_modifier.py:494: Adding track segment (F.Cu): [(83028500, 80200000), (90049000, 87220500)]
INFO: board_modifier.py:499: Track added
DEBUG: board_modifier.py:578: Routing at F.Cu layer
DEBUG: board_modifier.py:595: Netclass: Default, track width: 200000
DEBUG: board_modifier.py:658: Routing pad 'U1:3' at (90049000, 87220500) with pad 'D12:1' at (100330000, 80200000) using coordinate system rotated by 0 degree(s)
INFO: board_modifier.py:494: Adding track segment (F.Cu): [(90049000, 87220500), (93309500, 87220500)]
INFO: board_modifier.py:499: Track added
INFO: board_modifier.py:494: Adding track segment (F.Cu): [(93309500, 87220500), (100330000, 80200000)]
DEBUG: board_modifier.py:504: Could not add track segment due to detected collision
INFO: board_modifier.py:494: Adding track segment (F.Cu): [(90049000, 87220500), (97069500, 80200000)]
DEBUG: board_modifier.py:504: Could not add track segment due to detected collision
DEBUG: key_placer.py:979: Routing COL_3 pads
DEBUG: board_modifier.py:578: Routing at F.Cu layer
DEBUG: board_modifier.py:595: Netclass: Default, track width: 200000
DEBUG: board_modifier.py:658: Routing pad 'SW3:1' at (76200000, 38100000) with pad 'SW7:1' at (76200000, 57150000) using coordinate system rotated by 0 degree(s)
INFO: board_modifier.py:494: Adding track segment (F.Cu): [(76200000, 38100000), (76200000, 57150000)]
DEBUG: board_modifier.py:504: Could not add track segment due to detected collision
DEBUG: board_modifier.py:578: Routing at F.Cu layer
DEBUG: board_modifier.py:595: Netclass: Default, track width: 200000
DEBUG: board_modifier.py:658: Routing pad 'SW7:1' at (76200000, 57150000) with pad 'SW11:1' at (76200000, 76200000) using coordinate system rotated by 0 degree(s)
INFO: board_modifier.py:494: Adding track segment (F.Cu): [(76200000, 57150000), (76200000, 76200000)]
DEBUG: board_modifier.py:504: Could not add track segment due to detected collision
DEBUG: board_modifier.py:578: Routing at F.Cu layer
DEBUG: board_modifier.py:595: Netclass: Default, track width: 200000
DEBUG: board_modifier.py:658: Routing pad 'SW11:1' at (76200000, 76200000) with pad 'SW15:1' at (76200000, 95250000) using coordinate system rotated by 0 degree(s)
INFO: board_modifier.py:494: Adding track segment (F.Cu): [(76200000, 76200000), (76200000, 95250000)]
DEBUG: board_modifier.py:504: Could not add track segment due to detected collision
DEBUG: board_modifier.py:578: Routing at F.Cu layer
DEBUG: board_modifier.py:595: Netclass: Default, track width: 200000
DEBUG: board_modifier.py:658: Routing pad 'SW15:1' at (76200000, 95250000) with pad 'U1:8' at (106214000, 97380500) using coordinate system rotated by 0 degree(s)
INFO: board_modifier.py:494: Adding track segment (F.Cu): [(76200000, 95250000), (104083500, 95250000)]
DEBUG: board_modifier.py:504: Could not add track segment due to detected collision
INFO: board_modifier.py:494: Adding track segment (F.Cu): [(76200000, 95250000), (78330500, 97380500)]
INFO: board_modifier.py:499: Track added
INFO: board_modifier.py:494: Adding track segment (F.Cu): [(78330500, 97380500), (106214000, 97380500)]
DEBUG: board_modifier.py:504: Could not add track segment due to detected collision
DEBUG: key_placer.py:979: Routing ROW_4 pads
DEBUG: board_modifier.py:578: Routing at F.Cu layer
DEBUG: board_modifier.py:595: Netclass: Default, track width: 200000
DEBUG: board_modifier.py:658: Routing pad 'D13:1' at (43180000, 99250000) with pad 'D14:1' at (62230000, 99250000) using coordinate system rotated by 0 degree(s)
INFO: board_modifier.py:494: Adding track segment (F.Cu): [(43180000, 99250000), (62230000, 99250000)]
DEBUG: board_modifier.py:504: Could not add track segment due to detected collision
DEBUG: board_modifier.py:578: Routing at F.Cu layer
DEBUG: board_modifier.py:595: Netclass: Default, track width: 200000
DEBUG: board_modifier.py:658: Routing pad 'D14:1' at (62230000, 99250000) with pad 'D15:1' at (81280000, 99250000) using coordinate system rotated by 0 degree(s)
INFO: board_modifier.py:494: Adding track segment (F.Cu): [(62230000, 99250000), (81280000, 99250000)]
DEBUG: board_modifier.py:504: Could not add track segment due to detected collision
DEBUG: board_modifier.py:578: Routing at F.Cu layer
DEBUG: board_modifier.py:595: Netclass: Default, track width: 200000
DEBUG: board_modifier.py:658: Routing pad 'D15:1' at (81280000, 99250000) with pad 'U1:4' at (90049000, 89760500) using coordinate system rotated by 0 degree(s)
INFO: board_modifier.py:494: Adding track segment (F.Cu): [(81280000, 99250000), (81280000, 98529500)]
INFO: board_modifier.py:499: Track added
INFO: board_modifier.py:494: Adding track segment (F.Cu): [(81280000, 98529500), (90049000, 89760500)]
INFO: board_modifier.py:499: Track added
DEBUG: board_modifier.py:578: Routing at F.Cu layer
DEBUG: board_modifier.py:595: Netclass: Default, track width: 200000
DEBUG: board_modifier.py:658: Routing pad 'U1:4' at (90049000, 89760500) with pad 'D16:1' at (100330000, 99250000) using coordinate system rotated by 0 degree(s)
INFO: board_modifier.py:494: Adding track segment (F.Cu): [(90049000, 89760500), (90840500, 89760500)]
INFO: board_modifier.py:499: Track added
INFO: board_modifier.py:494: Adding track segment (F.Cu): [(90840500, 89760500), (100330000, 99250000)]
DEBUG: board_modifier.py:504: Could not add track segment due to detected collision
INFO: board_modifier.py:494: Adding track segment (F.Cu): [(90049000, 89760500), (99538500, 99250000)]
DEBUG: board_modifier.py:504: Could not add track segment due to detected collision
DEBUG: key_placer.py:979: Routing COL_4 pads
DEBUG: board_modifier.py:578: Routing at F.Cu layer
DEBUG: board_modifier.py:595: Netclass: Default, track width: 200000
DEBUG: board_modifier.py:658: Routing pad 'SW4:1' at (95250000, 38100000) with pad 'SW8:1' at (95250000, 57150000) using coordinate system rotated by 0 degree(s)
INFO: board_modifier.py:494: Adding track segment (F.Cu): [(95250000, 38100000), (95250000, 57150000)]
DEBUG: board_modifier.py:504: Could not add track segment due to detected collision
DEBUG: board_modifier.py:578: Routing at F.Cu layer
DEBUG: board_modifier.py:595: Netclass: Default, track width: 200000
DEBUG: board_modifier.py:658: Routing pad 'SW8:1' at (95250000, 57150000) with pad 'SW12:1' at (95250000, 76200000) using coordinate system rotated by 0 degree(s)
INFO: board_modifier.py:494: Adding track segment (F.Cu): [(95250000, 57150000), (95250000, 76200000)]
DEBUG: board_modifier.py:504: Could not add track segment due to detected collision
DEBUG: board_modifier.py:578: Routing at F.Cu layer
DEBUG: board_modifier.py:595: Netclass: Default, track width: 200000
DEBUG: board_modifier.py:658: Routing pad 'SW12:1' at (95250000, 76200000) with pad 'SW16:1' at (95250000, 95250000) using coordinate system rotated by 0 degree(s)
INFO: board_modifier.py:494: Adding track segment (F.Cu): [(95250000, 76200000), (95250000, 95250000)]
INFO: board_modifier.py:499: Track added
DEBUG: board_modifier.py:578: Routing at F.Cu layer
DEBUG: board_modifier.py:595: Netclass: Default, track width: 200000
DEBUG: board_modifier.py:658: Routing pad 'SW16:1' at (95250000, 95250000) with pad 'U1:9' at (106214000, 94840500) using coordinate system rotated by 0 degree(s)
INFO: board_modifier.py:494: Adding track segment (F.Cu): [(95250000, 95250000), (105804500, 95250000)]
INFO: board_modifier.py:499: Track added
INFO: board_modifier.py:494: Adding track segment (F.Cu): [(105804500, 95250000), (106214000, 94840500)]
INFO: board_modifier.py:499: Track added
DEBUG: key_placer.py:979: Routing COL_1 pads
DEBUG: board_modifier.py:578: Routing at F.Cu layer
DEBUG: board_modifier.py:595: Netclass: Default, track width: 200000
DEBUG: board_modifier.py:658: Routing pad 'SW1:1' at (38100000, 38100000) with pad 'SW5:1' at (38100000, 57150000) using coordinate system rotated by 0 degree(s)
INFO: board_modifier.py:494: Adding track segment (F.Cu): [(38100000, 38100000), (38100000, 57150000)]
DEBUG: board_modifier.py:504: Could not add track segment due to detected collision
DEBUG: board_modifier.py:578: Routing at F.Cu layer
DEBUG: board_modifier.py:595: Netclass: Default, track width: 200000
DEBUG: board_modifier.py:658: Routing pad 'SW5:1' at (38100000, 57150000) with pad 'SW9:1' at (38100000, 76200000) using coordinate system rotated by 0 degree(s)
INFO: board_modifier.py:494: Adding track segment (F.Cu): [(38100000, 57150000), (38100000, 76200000)]
DEBUG: board_modifier.py:504: Could not add track segment due to detected collision
DEBUG: board_modifier.py:578: Routing at F.Cu layer
DEBUG: board_modifier.py:595: Netclass: Default, track width: 200000
DEBUG: board_modifier.py:658: Routing pad 'SW9:1' at (38100000, 76200000) with pad 'SW13:1' at (38100000, 95250000) using coordinate system rotated by 0 degree(s)
INFO: board_modifier.py:494: Adding track segment (F.Cu): [(38100000, 76200000), (38100000, 95250000)]
DEBUG: board_modifier.py:504: Could not add track segment due to detected collision
DEBUG: board_modifier.py:578: Routing at F.Cu layer
DEBUG: board_modifier.py:595: Netclass: Default, track width: 200000
DEBUG: board_modifier.py:658: Routing pad 'SW13:1' at (38100000, 95250000) with pad 'U1:7' at (90049000, 97380500) using coordinate system rotated by 0 degree(s)
INFO: board_modifier.py:494: Adding track segment (F.Cu): [(38100000, 95250000), (87918500, 95250000)]
DEBUG: board_modifier.py:504: Could not add track segment due to detected collision
INFO: board_modifier.py:494: Adding track segment (F.Cu): [(38100000, 95250000), (40230500, 97380500)]
INFO: board_modifier.py:499: Track added
INFO: board_modifier.py:494: Adding track segment (F.Cu): [(40230500, 97380500), (90049000, 97380500)]
DEBUG: board_modifier.py:504: Could not add track segment due to detected collision
DEBUG: key_placer.py:979: Routing COL_2 pads
DEBUG: board_modifier.py:578: Routing at F.Cu layer
DEBUG: board_modifier.py:595: Netclass: Default, track width: 200000
DEBUG: board_modifier.py:658: Routing pad 'SW2:1' at (57150000, 38100000) with pad 'SW6:1' at (57150000, 57150000) using coordinate system rotated by 0 degree(s)
INFO: board_modifier.py:494: Adding track segment (F.Cu): [(57150000, 38100000), (57150000, 57150000)]
DEBUG: board_modifier.py:504: Could not add track segment due to detected collision
DEBUG: board_modifier.py:578: Routing at F.Cu layer
DEBUG: board_modifier.py:595: Netclass: Default, track width: 200000
DEBUG: board_modifier.py:658: Routing pad 'SW6:1' at (57150000, 57150000) with pad 'SW10:1' at (57150000, 76200000) using coordinate system rotated by 0 degree(s)
INFO: board_modifier.py:494: Adding track segment (F.Cu): [(57150000, 57150000), (57150000, 76200000)]
DEBUG: board_modifier.py:504: Could not add track segment due to detected collision
DEBUG: board_modifier.py:578: Routing at F.Cu layer
DEBUG: board_modifier.py:595: Netclass: Default, track width: 200000
DEBUG: board_modifier.py:658: Routing pad 'SW10:1' at (57150000, 76200000) with pad 'SW14:1' at (57150000, 95250000) using coordinate system rotated by 0 degree(s)
INFO: board_modifier.py:494: Adding track segment (F.Cu): [(57150000, 76200000), (57150000, 95250000)]
DEBUG: board_modifier.py:504: Could not add track segment due to detected collision
DEBUG: board_modifier.py:578: Routing at F.Cu layer
DEBUG: board_modifier.py:595: Netclass: Default, track width: 200000
DEBUG: board_modifier.py:658: Routing pad 'SW14:1' at (57150000, 95250000) with pad 'U1:10' at (106214000, 92300500) using coordinate system rotated by 0 degree(s)
INFO: board_modifier.py:494: Adding track segment (F.Cu): [(57150000, 95250000), (103264500, 95250000)]
DEBUG: board_modifier.py:504: Could not add track segment due to detected collision
INFO: board_modifier.py:494: Adding track segment (F.Cu): [(57150000, 95250000), (60099500, 92300500)]
INFO: board_modifier.py:499: Track added
INFO: board_modifier.py:494: Adding track segment (F.Cu): [(60099500, 92300500), (106214000, 92300500)]
DEBUG: board_modifier.py:504: Could not add track segment due to detected collision
INFO: key_placer.py:517: Removing dangling tracks
INFO: key_placer.py:532: Removing 9815df5b-990f-4e68-9214-2c7fc6412c53
INFO: key_placer.py:532: Removing 96aa20f2-6e2d-49bc-8899-4bea59b9ef72
INFO: key_placer.py:532: Removing 43ccd347-9626-4cb1-a0c9-8edb2a562333
INFO: key_placer.py:532: Removing a69d3593-bf7b-4b3b-8a50-6d7cb60dd826
INFO: key_placer.py:532: Removing 37c53e64-fcf4-4db5-90f7-cf1deadc36fd
INFO: key_placer.py:532: Removing 81dea84f-ee36-460b-b889-7b8b28ae85a7
INFO: key_placer.py:532: Removing 1c17a390-4413-448c-9766-adbfce8161ae
INFO: key_placer.py:532: Removing 5d811d3b-20d3-4926-8623-ad0bff0789c5
INFO: key_placer.py:532: Removing 1f3a41b8-5c64-402f-ab7a-9900a599efd6
INFO: key_placer.py:532: Removing e6beea13-b363-47a4-9011-8d2ab9461273
INFO: key_placer.py:532: Removing b2ac0da2-1dd1-44db-b299-eb7dd1bad4bb
INFO: key_placer.py:532: Removing fa4f0aec-1174-4852-9319-5a8d7f967296
INFO: key_placer.py:532: Removing 9e078745-79ae-4668-b003-6a0079bf8041
INFO: key_placer.py:532: Removing a577c0f7-be9b-4d48-b8f9-ca78a3d60c24
INFO: key_placer.py:532: Removing 4a04fa0e-37df-470f-bd8d-888c00d3390f
INFO: key_placer.py:532: Removing 9c3139dc-b60b-45fd-8e8e-35f7e07c45ce
INFO: key_placer.py:532: Removing c48781d3-bb7d-4b34-8d24-bc3566b9ecde
INFO: key_placer.py:532: Removing 258d83f0-cc74-421d-831f-da818e40f793
INFO: key_placer.py:532: Removing b35f4418-057d-447a-bf88-e41eedcdad9e
INFO: key_placer.py:532: Removing c4559712-ce17-42c3-9730-85ac47c40ff7
INFO: key_placer.py:532: Removing fb1dd29d-bf71-4518-b696-06dda32e1d72
INFO: key_placer.py:532: Removing 0225cbfd-67ef-4465-bd51-c187bee3ffcf
